<?xml version="1.0" encoding="UTF-8"?>
<testsuite xmlns:xsi="http://www.w3.org/2001/XMLSchema-instance" xsi:noNamespaceSchemaLocation="https://maven.apache.org/surefire/maven-surefire-plugin/xsd/surefire-test-report-3.0.xsd" version="3.0" name="ValidatorsTest" time="0.107" tests="28" errors="0" skipped="0" failures="0">
  <properties>
[...]
</properties>
  <testcase name="validUserNullNameTest" classname="ValidatorsTest" time="0.021"/>
  <testcase name="validMovieTitleSingleWordTest" classname="ValidatorsTest" time="0.002"/>
  <testcase name="validUserIdNullTest" classname="ValidatorsTest" time="0.003"/>
  <testcase name="validUserIdEmptyTest" classname="ValidatorsTest" time="0.001"/>
  <testcase name="validUserNameStartsWithSpaceTest" classname="ValidatorsTest" time="0.001"/>
  <testcase name="validUserNameContainsNumbersTest" classname="ValidatorsTest" time="0.001"/>
  <testcase name="validUserEmptyNameTest" classname="ValidatorsTest" time="0.001"/>
  <testcase name="validMovieTitleWithSpaceTest" classname="ValidatorsTest" time="0.001"/>
  <testcase name="validMovieIdNullTest" classname="ValidatorsTest" time="0.002"/>
  <testcase name="validMovieTitleMultipleWordsTest" classname="ValidatorsTest" time="0.002"/>
  <testcase name="validMovieTitleNullTest" classname="ValidatorsTest" time="0.0"/>
  <testcase name="validUserNameContainsSpecialCharactersTest" classname="ValidatorsTest" time="0.002"/>
  <testcase name="validMovieIdWrongDigitCountTest" classname="ValidatorsTest" time="0.0"/>
  <testcase name="validMovieIdWrongCapitalLettersTest" classname="ValidatorsTest" time="0.0"/>
  <testcase name="validMovieTitleWithSpecialCharactersTest" classname="ValidatorsTest" time="0.0"/>
  <testcase name="validMovieIdNonNumericDigitsTest" classname="ValidatorsTest" time="0.0"/>
  <testcase name="vValidMovieTitleEmptyTest" classname="ValidatorsTest" time="0.0"/>
  <testcase name="validUserIdDuplicateIdTest" classname="ValidatorsTest" time="0.0"/>
  <testcase name="validUserIdInvalidFormatTest" classname="ValidatorsTest" time="0.001"/>
  <testcase name="validMovieIdStartsWithSpaceTest" classname="ValidatorsTest" time="0.001"/>
  <testcase name="validMovieIdEmptyTest" classname="ValidatorsTest" time="0.001"/>
  <testcase name="validUserNameSingleWordTest" classname="ValidatorsTest" time="0.0"/>
  <testcase name="validMovieIdNonUniqueDigitsTest" classname="ValidatorsTest" time="0.0"/>
  <testcase name="validUserIdWithOnlyDigitsTest" classname="ValidatorsTest" time="0.0"/>
  <testcase name="validMovieIdCorrectFormatTest" classname="ValidatorsTest" time="0.0"/>
  <testcase name="validMovieIdDuplicateMovieIdTest" classname="ValidatorsTest" time="0.0"/>
  <testcase name="validUserIdWithLetterAtEndTest" classname="ValidatorsTest" time="0.0"/>
  <testcase name="validUserNameMultipleWordsTest" classname="ValidatorsTest" time="0.016"/>
</testsuite>